\BOOKMARK [1][-]{section.1}{\376\377\000A\000b\000s\000t\000r\000a\000c\000t}{}% 1
\BOOKMARK [1][-]{section.2}{\376\377\000D\000e\000s\000i\000g\000n}{}% 2
\BOOKMARK [2][-]{subsection.2.1}{\376\377\000P\000s\000e\000u\000d\000o\000c\000o\000d\000e}{section.2}% 3
\BOOKMARK [3][-]{subsubsection.2.1.1}{\376\377\000I\000n\000t\000e\000g\000e\000r\000\040\000S\000o\000r\000t\000i\000n\000g}{subsection.2.1}% 4
\BOOKMARK [3][-]{subsubsection.2.1.2}{\376\377\000R\000a\000d\000i\000x\000\040\000S\000o\000r\000t}{subsection.2.1}% 5
\BOOKMARK [2][-]{subsection.2.2}{\376\377\000T\000i\000m\000e\000\040\000c\000o\000m\000p\000l\000e\000x\000i\000t\000y}{section.2}% 6
\BOOKMARK [3][-]{subsubsection.2.2.1}{\376\377\000I\000n\000t\000e\000g\000e\000r\000\040\000S\000o\000r\000t\000i\000n\000g}{subsection.2.2}% 7
\BOOKMARK [3][-]{subsubsection.2.2.2}{\376\377\000R\000a\000d\000i\000x\000\040\000S\000o\000r\000t}{subsection.2.2}% 8
\BOOKMARK [2][-]{subsection.2.3}{\376\377\000R\000a\000d\000i\000x\000\040\000S\000e\000l\000e\000c\000t\000i\000o\000n}{section.2}% 9
\BOOKMARK [3][-]{subsubsection.2.3.1}{\376\377\000E\000x\000p\000l\000a\000n\000a\000t\000i\000o\000n}{subsection.2.3}% 10
\BOOKMARK [3][-]{subsubsection.2.3.2}{\376\377\000I\000m\000p\000l\000e\000m\000e\000n\000t\000a\000t\000i\000o\000n}{subsection.2.3}% 11
\BOOKMARK [2][-]{subsection.2.4}{\376\377\000N\000e\000g\000a\000t\000i\000v\000e\000\040\000I\000n\000t\000e\000g\000e\000r\000s}{section.2}% 12
\BOOKMARK [3][-]{subsubsection.2.4.1}{\376\377\000T\000w\000o\000'\000s\000\040\000C\000o\000m\000p\000l\000e\000m\000e\000n\000t}{subsection.2.4}% 13
\BOOKMARK [3][-]{subsubsection.2.4.2}{\376\377\000N\000e\000g\000a\000t\000i\000v\000e\000s\000\040\000i\000n\000\040\000R\000P\000y\000t\000h\000o\000n}{subsection.2.4}% 14
\BOOKMARK [3][-]{subsubsection.2.4.3}{\376\377\000S\000o\000l\000u\000t\000i\000o\000n}{subsection.2.4}% 15
\BOOKMARK [1][-]{section.3}{\376\377\000I\000m\000p\000l\000e\000m\000e\000n\000t\000a\000t\000i\000o\000n}{}% 16
\BOOKMARK [2][-]{subsection.3.1}{\376\377\000E\000x\000t\000r\000a\000\040\000M\000e\000t\000h\000o\000d\000s\000\040\000a\000n\000d\000\040\000C\000l\000a\000s\000s\000e\000s}{section.3}% 17
\BOOKMARK [3][-]{subsubsection.3.1.1}{\376\377\000F\000u\000n\000c\000t\000i\000o\000n\000\040\000a\000b\000s\000o\000l\000u\000t\000e}{subsection.3.1}% 18
\BOOKMARK [3][-]{subsubsection.3.1.2}{\376\377\000F\000u\000n\000c\000t\000i\000o\000n\000\040\000m\000a\000k\000e\000\137\000r\000a\000d\000i\000x\000s\000o\000r\000t\000\137\000c\000l\000a\000s\000s}{subsection.3.1}% 19
\BOOKMARK [3][-]{subsubsection.3.1.3}{\376\377\000F\000u\000n\000c\000t\000i\000o\000n\000s\000\040\000s\000e\000t\000i\000t\000e\000m\000\040\000a\000n\000d\000\040\000s\000e\000t\000s\000l\000i\000c\000e}{subsection.3.1}% 20
\BOOKMARK [3][-]{subsubsection.3.1.4}{\376\377\000F\000u\000n\000c\000t\000i\000o\000n\000\040\000i\000n\000t\000\137\000d\000i\000g\000i\000t\000s}{subsection.3.1}% 21
\BOOKMARK [3][-]{subsubsection.3.1.5}{\376\377\000C\000l\000a\000s\000s\000\040\000R\000a\000d\000i\000x\000s\000o\000r\000t}{subsection.3.1}% 22
\BOOKMARK [3][-]{subsubsection.3.1.6}{\376\377\000F\000u\000n\000c\000t\000i\000o\000n\000\040\000l\000i\000s\000t\000\137\000a\000b\000s\000\137\000m\000a\000x}{subsection.3.1}% 23
\BOOKMARK [3][-]{subsubsection.3.1.7}{\376\377\000F\000u\000n\000c\000t\000i\000o\000n\000\040\000i\000n\000s\000e\000r\000t\000i\000o\000n\000\137\000s\000o\000r\000t}{subsection.3.1}% 24
\BOOKMARK [3][-]{subsubsection.3.1.8}{\376\377\000F\000u\000n\000c\000t\000i\000o\000n\000\040\000r\000e\000v\000e\000r\000s\000e\000\137\000s\000l\000i\000c\000e}{subsection.3.1}% 25
\BOOKMARK [2][-]{subsection.3.2}{\376\377\000B\000i\000t\000w\000i\000s\000e\000\040\000o\000p\000e\000r\000a\000t\000i\000o\000n\000s}{section.3}% 26
\BOOKMARK [3][-]{subsubsection.3.2.1}{\376\377\000L\000e\000f\000t\000\040\000s\000h\000i\000f\000t}{subsection.3.2}% 27
\BOOKMARK [3][-]{subsubsection.3.2.2}{\376\377\000R\000i\000g\000h\000t\000\040\000s\000h\000i\000f\000t}{subsection.3.2}% 28
\BOOKMARK [3][